<?xml version="1.0" encoding="UTF-8"?>
<testng-results ignored="0" total="16" passed="16" failed="0" skipped="0">
  <reporter-output>
  </reporter-output>
  <suite started-at="2025-12-12T14:36:48 IST" name="JaCoCo Selenium Demo Suite" finished-at="2025-12-12T14:36:48 IST" duration-ms="110">
    <groups>
    </groups>
    <test started-at="2025-12-12T14:36:48 IST" name="UI Tests" finished-at="2025-12-12T14:36:48 IST" duration-ms="110">
      <class name="com.demo.ui.HerokuAppUITest">
        <test-method signature="testCheckboxCanBeSelected()[pri:0, instance:com.demo.ui.HerokuAppUITest@45c8d09f]" started-at="2025-12-12T14:36:48 IST" name="testCheckboxCanBeSelected" finished-at="2025-12-12T14:36:48 IST" duration-ms="14" status="PASS">
          <reporter-output>
          </reporter-output>
        </test-method> <!-- testCheckboxCanBeSelected -->
        <test-method signature="testCheckboxCanBeUnselected()[pri:0, instance:com.demo.ui.HerokuAppUITest@45c8d09f]" started-at="2025-12-12T14:36:48 IST" name="testCheckboxCanBeUnselected" finished-at="2025-12-12T14:36:48 IST" duration-ms="1" status="PASS">
          <reporter-output>
          </reporter-output>
        </test-method> <!-- testCheckboxCanBeUnselected -->
        <test-method signature="testDropdownHasOptions()[pri:0, instance:com.demo.ui.HerokuAppUITest@45c8d09f]" started-at="2025-12-12T14:36:48 IST" name="testDropdownHasOptions" finished-at="2025-12-12T14:36:48 IST" duration-ms="0" status="PASS">
          <reporter-output>
          </reporter-output>
        </test-method> <!-- testDropdownHasOptions -->
        <test-method signature="testDropdownSelectionChangesValue()[pri:0, instance:com.demo.ui.HerokuAppUITest@45c8d09f]" started-at="2025-12-12T14:36:48 IST" name="testDropdownSelectionChangesValue" finished-at="2025-12-12T14:36:48 IST" duration-ms="1" status="PASS">
          <reporter-output>
          </reporter-output>
        </test-method> <!-- testDropdownSelectionChangesValue -->
        <test-method signature="testEmptyCredentialsShowsError()[pri:0, instance:com.demo.ui.HerokuAppUITest@45c8d09f]" started-at="2025-12-12T14:36:48 IST" name="testEmptyCredentialsShowsError" finished-at="2025-12-12T14:36:48 IST" duration-ms="0" status="PASS">
          <reporter-output>
          </reporter-output>
        </test-method> <!-- testEmptyCredentialsShowsError -->
        <test-method signature="testForgotPasswordHeader()[pri:0, instance:com.demo.ui.HerokuAppUITest@45c8d09f]" started-at="2025-12-12T14:36:48 IST" name="testForgotPasswordHeader" finished-at="2025-12-12T14:36:48 IST" duration-ms="0" status="PASS">
          <reporter-output>
          </reporter-output>
        </test-method> <!-- testForgotPasswordHeader -->
        <test-method signature="testInvalidPasswordShowsError()[pri:0, instance:com.demo.ui.HerokuAppUITest@45c8d09f]" started-at="2025-12-12T14:36:48 IST" name="testInvalidPasswordShowsError" finished-at="2025-12-12T14:36:48 IST" duration-ms="1" status="PASS">
          <reporter-output>
          </reporter-output>
        </test-method> <!-- testInvalidPasswordShowsError -->
        <test-method signature="testInvalidUsernameShowsError()[pri:0, instance:com.demo.ui.HerokuAppUITest@45c8d09f]" started-at="2025-12-12T14:36:48 IST" name="testInvalidUsernameShowsError" finished-at="2025-12-12T14:36:48 IST" duration-ms="0" status="PASS">
          <reporter-output>
          </reporter-output>
        </test-method> <!-- testInvalidUsernameShowsError -->
        <test-method signature="testLoginPageTitleIsCorrect()[pri:0, instance:com.demo.ui.HerokuAppUITest@45c8d09f]" started-at="2025-12-12T14:36:48 IST" name="testLoginPageTitleIsCorrect" finished-at="2025-12-12T14:36:48 IST" duration-ms="1" status="PASS">
          <reporter-output>
          </reporter-output>
        </test-method> <!-- testLoginPageTitleIsCorrect -->
        <test-method signature="testLoginPageUrlContainsLogin()[pri:0, instance:com.demo.ui.HerokuAppUITest@45c8d09f]" started-at="2025-12-12T14:36:48 IST" name="testLoginPageUrlContainsLogin" finished-at="2025-12-12T14:36:48 IST" duration-ms="0" status="PASS">
          <reporter-output>
          </reporter-output>
        </test-method> <!-- testLoginPageUrlContainsLogin -->
        <test-method signature="testLogoutReturnsToLoginPage()[pri:0, instance:com.demo.ui.HerokuAppUITest@45c8d09f]" started-at="2025-12-12T14:36:48 IST" name="testLogoutReturnsToLoginPage" finished-at="2025-12-12T14:36:48 IST" duration-ms="0" status="PASS">
          <reporter-output>
          </reporter-output>
        </test-method> <!-- testLogoutReturnsToLoginPage -->
        <test-method signature="testValidLoginNavigatesToSecureArea()[pri:0, instance:com.demo.ui.HerokuAppUITest@45c8d09f]" started-at="2025-12-12T14:36:48 IST" name="testValidLoginNavigatesToSecureArea" finished-at="2025-12-12T14:36:48 IST" duration-ms="0" status="PASS">
          <reporter-output>
          </reporter-output>
        </test-method> <!-- testValidLoginNavigatesToSecureArea -->
        <test-method is-config="true" signature="tearDown()[pri:0, instance:com.demo.ui.HerokuAppUITest@45c8d09f]" started-at="2025-12-12T14:36:48 IST" name="tearDown" finished-at="2025-12-12T14:36:48 IST" duration-ms="4" status="PASS">
          <reporter-output>
          </reporter-output>
        </test-method> <!-- tearDown -->
      </class> <!-- com.demo.ui.HerokuAppUITest -->
      <class name="com.demo.CalculatorTest">
        <test-method signature="testAdd()[pri:0, instance:com.demo.CalculatorTest@1fdfafd2]" started-at="2025-12-12T14:36:48 IST" name="testAdd" finished-at="2025-12-12T14:36:48 IST" duration-ms="3" status="PASS">
          <reporter-output>
          </reporter-output>
        </test-method> <!-- testAdd -->
        <test-method signature="testDivide()[pri:0, instance:com.demo.CalculatorTest@1fdfafd2]" started-at="2025-12-12T14:36:48 IST" name="testDivide" finished-at="2025-12-12T14:36:48 IST" duration-ms="0" status="PASS">
          <reporter-output>
          </reporter-output>
        </test-method> <!-- testDivide -->
        <test-method signature="testMultiply()[pri:0, instance:com.demo.CalculatorTest@1fdfafd2]" started-at="2025-12-12T14:36:48 IST" name="testMultiply" finished-at="2025-12-12T14:36:48 IST" duration-ms="0" status="PASS">
          <reporter-output>
          </reporter-output>
        </test-method> <!-- testMultiply -->
        <test-method signature="testSubtract()[pri:0, instance:com.demo.CalculatorTest@1fdfafd2]" started-at="2025-12-12T14:36:48 IST" name="testSubtract" finished-at="2025-12-12T14:36:48 IST" duration-ms="1" status="PASS">
          <reporter-output>
          </reporter-output>
        </test-method> <!-- testSubtract -->
      </class> <!-- com.demo.CalculatorTest -->
    </test> <!-- UI Tests -->
  </suite> <!-- JaCoCo Selenium Demo Suite -->
</testng-results>
