<?xml version="1.0" encoding="UTF-8"?>
<!-- Generated by org.testng.reporters.JUnitXMLReporter -->
<testsuite ignored="0" hostname="ITT-JITENDRA-S" failures="0" tests="16" name="UI Tests" time="0.11" errors="0" timestamp="2025-12-12T14:36:48 IST">
  <testcase classname="com.demo.ui.HerokuAppUITest" name="testCheckboxCanBeSelected" time="0.014"/>
  <testcase classname="com.demo.ui.HerokuAppUITest" name="testCheckboxCanBeUnselected" time="0.001"/>
  <testcase classname="com.demo.ui.HerokuAppUITest" name="testDropdownHasOptions" time="0.0"/>
  <testcase classname="com.demo.ui.HerokuAppUITest" name="testDropdownSelectionChangesValue" time="0.001"/>
  <testcase classname="com.demo.ui.HerokuAppUITest" name="testEmptyCredentialsShowsError" time="0.0"/>
  <testcase classname="com.demo.ui.HerokuAppUITest" name="testForgotPasswordHeader" time="0.0"/>
  <testcase classname="com.demo.ui.HerokuAppUITest" name="testInvalidPasswordShowsError" time="0.001"/>
  <testcase classname="com.demo.ui.HerokuAppUITest" name="testInvalidUsernameShowsError" time="0.0"/>
  <testcase classname="com.demo.ui.HerokuAppUITest" name="testLoginPageTitleIsCorrect" time="0.001"/>
  <testcase classname="com.demo.ui.HerokuAppUITest" name="testLoginPageUrlContainsLogin" time="0.0"/>
  <testcase classname="com.demo.ui.HerokuAppUITest" name="testLogoutReturnsToLoginPage" time="0.0"/>
  <testcase classname="com.demo.ui.HerokuAppUITest" name="testValidLoginNavigatesToSecureArea" time="0.0"/>
  <testcase classname="com.demo.CalculatorTest" name="testAdd" time="0.003"/>
  <testcase classname="com.demo.CalculatorTest" name="testDivide" time="0.0"/>
  <testcase classname="com.demo.CalculatorTest" name="testMultiply" time="0.0"/>
  <testcase classname="com.demo.CalculatorTest" name="testSubtract" time="0.001"/>
</testsuite> <!-- UI Tests -->
