<?xml version="1.0" encoding="UTF-8"?>
<!-- Generated by org.testng.reporters.JUnitReportReporter -->
<testsuite hostname="ITT-JITENDRA-S" failures="0" tests="12" name="com.demo.ui.HerokuAppUITest" time="0.018" errors="0" timestamp="2025-12-12T14:36:48 IST" skipped="0">
  <testcase classname="com.demo.ui.HerokuAppUITest" name="testForgotPasswordHeader" time="0.000"/>
  <testcase classname="com.demo.ui.HerokuAppUITest" name="testLoginPageTitleIsCorrect" time="0.001"/>
  <testcase classname="com.demo.ui.HerokuAppUITest" name="testLoginPageUrlContainsLogin" time="0.000"/>
  <testcase classname="com.demo.ui.HerokuAppUITest" name="testCheckboxCanBeSelected" time="0.014"/>
  <testcase classname="com.demo.ui.HerokuAppUITest" name="testEmptyCredentialsShowsError" time="0.000"/>
  <testcase classname="com.demo.ui.HerokuAppUITest" name="testInvalidUsernameShowsError" time="0.000"/>
  <testcase classname="com.demo.ui.HerokuAppUITest" name="testValidLoginNavigatesToSecureArea" time="0.000"/>
  <testcase classname="com.demo.ui.HerokuAppUITest" name="testInvalidPasswordShowsError" time="0.001"/>
  <testcase classname="com.demo.ui.HerokuAppUITest" name="testDropdownSelectionChangesValue" time="0.001"/>
  <testcase classname="com.demo.ui.HerokuAppUITest" name="testLogoutReturnsToLoginPage" time="0.000"/>
  <testcase classname="com.demo.ui.HerokuAppUITest" name="testCheckboxCanBeUnselected" time="0.001"/>
  <testcase classname="com.demo.ui.HerokuAppUITest" name="testDropdownHasOptions" time="0.000"/>
</testsuite> <!-- com.demo.ui.HerokuAppUITest -->
