<?xml version="1.0" encoding="UTF-8"?>
<!-- Generated by org.testng.reporters.JUnitReportReporter -->
<testsuite hostname="ITT-JITENDRA-S" failures="0" tests="4" name="com.demo.CalculatorTest" time="0.004" errors="0" timestamp="2025-12-12T14:36:48 IST" skipped="0">
  <testcase classname="com.demo.CalculatorTest" name="testSubtract" time="0.001"/>
  <testcase classname="com.demo.CalculatorTest" name="testMultiply" time="0.000"/>
  <testcase classname="com.demo.CalculatorTest" name="testAdd" time="0.003"/>
  <testcase classname="com.demo.CalculatorTest" name="testDivide" time="0.000"/>
</testsuite> <!-- com.demo.CalculatorTest -->
